<?xml version="1.0" encoding="UTF-8"?>
<!-- Generated by org.testng.reporters.JUnitReportReporter -->
<testsuite hostname="AHAMEDSABID" failures="0" tests="1" name="com.SelniumFour.RelativeLocators" time="0.190" errors="0" timestamp="2022-10-01T18:30:15 IST" skipped="0">
  <testcase classname="com.SelniumFour.RelativeLocators" name="RelativeLocatorsTest2" time="0.190"/>
  <system-out/>
</testsuite> <!-- com.SelniumFour.RelativeLocators -->
