<?xml version="1.0" encoding="UTF-8"?>
<!-- Generated by org.testng.reporters.JUnitReportReporter -->
<testsuite hostname="AHAMEDSABID" failures="0" tests="1" name="com.SelniumFour.AutomateWebApp" time="5.480" errors="0" timestamp="2022-09-29T15:31:31 IST" skipped="0">
  <testcase classname="com.SelniumFour.AutomateWebApp" name="Location" time="5.480"/>
  <system-out/>
</testsuite> <!-- com.SelniumFour.AutomateWebApp -->
